make -f /mnt/d/Projects/TFRC/Trak-TFRC-System/firmware_tamaCollar_MediumCollar/Makefile --dry-run --always-make --keep-going --print-directory
make: Entering directory '/mnt/d/Projects/TFRC/Trak-TFRC-System/firmware_tamaCollar_MediumCollar'
avr-gcc -Wl,-u,vfprintf -lprintf_flt -Os -DF_CPU=4000000 -mmcu=atmega328p  -IInc/ -std=c++11 -c Src/softuart_avr.cpp -o Build/softuart_avr.o
avr-gcc -Wl,-u,vfprintf -lprintf_flt -Os -DF_CPU=4000000 -mmcu=atmega328p  -IInc/ -std=c++11 -c Src/LoRa.cpp -o Build/LoRa.o
avr-gcc -Wl,-u,vfprintf -lprintf_flt -Os -DF_CPU=4000000 -mmcu=atmega328p  -IInc/ -std=c++11 -c Src/spi.cpp -o Build/spi.o
avr-gcc -Wl,-u,vfprintf -lprintf_flt -Os -DF_CPU=4000000 -mmcu=atmega328p  -IInc/ -std=c++11 -c Src/main.cpp -o Build/main.o
avr-gcc -Wl,-u,vfprintf -lprintf_flt -Os -DF_CPU=4000000 -mmcu=atmega328p  -IInc/ -std=c++11 -c Src/mcu_call_functions.cpp -o Build/mcu_call_functions.o
avr-gcc -Wl,-u,vfprintf -lprintf_flt -Os -DF_CPU=4000000 -mmcu=atmega328p  -IInc/ -std=c++11 -c Src/timer_us.cpp -o Build/timer_us.o
avr-gcc -Wl,-u,vfprintf -lprintf_flt -Os -DF_CPU=4000000 -mmcu=atmega328p  -IInc/ -std=c++11 -c Src/TinyGPS++.cpp -o Build/TinyGPS++.o
avr-gcc -Wl,-u,vfprintf -lprintf_flt -Os -DF_CPU=4000000 -mmcu=atmega328p  -IInc/ -std=c++11 -c Src/rtc.cpp -o Build/rtc.o
avr-gcc -Wl,-u,vfprintf -lprintf_flt -Os -DF_CPU=4000000 -mmcu=atmega328p  -IInc/ -std=c++11 -c Src/scheduling.cpp -o Build/scheduling.o
avr-gcc -Wl,-u,vfprintf -lprintf_flt -Os -DF_CPU=4000000 -mmcu=atmega328p  -IInc/ -std=c++11 -c Src/twi-lowlevel.cpp -o Build/twi-lowlevel.o
avr-gcc -Wl,-u,vfprintf -lprintf_flt -Os -DF_CPU=4000000 -mmcu=atmega328p  -IInc/ -std=c++11 -c Src/twi.cpp -o Build/twi.o
avr-gcc -Wl,-u,vfprintf -lprintf_flt -Os -DF_CPU=4000000 -mmcu=atmega328p  -IInc/ -std=c++11 -c Src/command_layer.cpp -o Build/command_layer.o
avr-gcc -Wl,-u,vfprintf -lprintf_flt -Os -DF_CPU=4000000 -mmcu=atmega328p  -IInc/ -std=c++11 -c Src/battery.cpp -o Build/battery.o
avr-gcc -Wl,-u,vfprintf -lprintf_flt -Os -DF_CPU=4000000 -mmcu=atmega328p  -IInc/ -std=c++11 -c Src/medium_collar.cpp -o Build/medium_collar.o
avr-gcc -Wl,-u,vfprintf -lprintf_flt -Os -DF_CPU=4000000 -mmcu=atmega328p  -IInc/ -o Build/tfrc_test.elf Build/softuart_avr.o    Build/LoRa.o Build/spi.o Build/main.o Build/mcu_call_functions.o Build/timer_us.o Build/TinyGPS++.o Build/rtc.o Build/scheduling.o Build/twi-lowlevel.o Build/twi.o Build/command_layer.o Build/battery.o Build/medium_collar.o  
avr-objcopy -j .text -j .data -O ihex Build/tfrc_test.elf Build/tfrc_test.hex
avr-size --format=avr --mcu=atmega328p Build/tfrc_test.elf
make: Leaving directory '/mnt/d/Projects/TFRC/Trak-TFRC-System/firmware_tamaCollar_MediumCollar'
 
